Summary of SPARK analysis
=========================

--------------------------------------------------------------------------------------------
SPARK Analysis results        Total      Flow   CodePeer      Provers   Justified   Unproved
--------------------------------------------------------------------------------------------
Data Dependencies                 .         .          .            .           .          .
Flow Dependencies                 .         .          .            .           .          .
Initialization                    .         .          .            .           .          .
Non-Aliasing                      .         .          .            .           .          .
Run-time Checks                  11         .          .    11 (CVC4)           .          .
Assertions                        .         .          .            .           .          .
Functional Contracts              3         .          .     3 (CVC4)           .          .
LSP Verification                  .         .          .            .           .          .
Termination                       .         .          .            .           .          .
Concurrency                       .         .          .            .           .          .
--------------------------------------------------------------------------------------------
Total                            14         .          .    14 (100%)           .          .


max steps used for successful proof: 1

Analyzed 2 units
in unit main, 0 subprograms and packages out of 1 analyzed
  Main at main.adb:4 skipped
in unit station, 5 subprograms and packages out of 5 analyzed
  Station at station.ads:1 flow analyzed (0 errors, 0 checks and 0 warnings) and proved (0 checks)
  Station.Open_Door at station.ads:24 flow analyzed (0 errors, 0 checks and 0 warnings) and proved (5 checks)
  Station.Seal_Airlock at station.ads:30 flow analyzed (0 errors, 0 checks and 0 warnings) and proved (3 checks)
  Station.SealedInvariant at station.ads:20 flow analyzed (0 errors, 0 checks and 0 warnings) and proved (0 checks)
  Station.Update_Height at station.ads:35 flow analyzed (0 errors, 0 checks and 0 warnings) and proved (6 checks)
