Summary of SPARK analysis
=========================

--------------------------------------------------------------------------------------------
SPARK Analysis results        Total      Flow   CodePeer      Provers   Justified   Unproved
--------------------------------------------------------------------------------------------
Data Dependencies                 .         .          .            .           .          .
Flow Dependencies                 .         .          .            .           .          .
Initialization                    .         .          .            .           .          .
Non-Aliasing                      .         .          .            .           .          .
Run-time Checks                  49         .          .    49 (CVC4)           .          .
Assertions                        .         .          .            .           .          .
Functional Contracts             13         .          .    12 (CVC4)           .          1
LSP Verification                  .         .          .            .           .          .
Termination                       .         .          .            .           .          .
Concurrency                       .         .          .            .           .          .
--------------------------------------------------------------------------------------------
Total                            62         .          .     61 (98%)           .     1 (2%)


max steps used for successful proof: 1

Analyzed 2 units
in unit main, 0 subprograms and packages out of 1 analyzed
  Main at main.adb:4 skipped
in unit station, 10 subprograms and packages out of 10 analyzed
  Station at station.ads:1 flow analyzed (0 errors, 0 checks and 0 warnings) and proved (0 checks)
  Station.Add_Module at station.ads:75 flow analyzed (0 errors, 0 checks and 0 warnings) and proved (2 checks)
  Station.AltitudeInvariant at station.ads:56 flow analyzed (0 errors, 0 checks and 0 warnings) and proved (0 checks)
  Station.Attempt_Spacewalk at station.ads:87 flow analyzed (0 errors, 0 checks and 0 warnings) and not proved, 32 checks out of 33 proved
  Station.Open_Door at station.ads:60 flow analyzed (0 errors, 0 checks and 0 warnings) and proved (5 checks)
  Station.Remove_Top_Module at station.ads:81 flow analyzed (0 errors, 0 checks and 0 warnings) and proved (9 checks)
  Station.Return_From_Spacewalk at station.ads:96 flow analyzed (0 errors, 0 checks and 0 warnings) and proved (8 checks)
  Station.Seal_Airlock at station.ads:65 flow analyzed (0 errors, 0 checks and 0 warnings) and proved (3 checks)
  Station.SealedInvariant at station.ads:51 flow analyzed (0 errors, 0 checks and 0 warnings) and proved (0 checks)
  Station.Update_Height at station.ads:70 flow analyzed (0 errors, 0 checks and 0 warnings) and proved (2 checks)
