Summary of SPARK analysis
=========================

-------------------------------------------------------------------------------------------
SPARK Analysis results        Total      Flow   CodePeer     Provers   Justified   Unproved
-------------------------------------------------------------------------------------------
Data Dependencies                 .         .          .           .           .          .
Flow Dependencies                 .         .          .           .           .          .
Initialization                    .         .          .           .           .          .
Non-Aliasing                      .         .          .           .           .          .
Run-time Checks                   .         .          .           .           .          .
Assertions                        .         .          .           .           .          .
Functional Contracts              3         .          .    2 (CVC4)           .          1
LSP Verification                  .         .          .           .           .          .
Termination                       .         .          .           .           .          .
Concurrency                       .         .          .           .           .          .
-------------------------------------------------------------------------------------------
Total                             3         .          .     2 (67%)           .    1 (33%)


max steps used for successful proof: 1

Analyzed 1 unit
in unit station, 4 subprograms and packages out of 4 analyzed
  Station at station.ads:1 flow analyzed (0 errors, 0 checks and 0 warnings) and proved (0 checks)
  Station.Close at station.ads:12 flow analyzed (0 errors, 0 checks and 0 warnings) and proved (1 checks)
  Station.OneDoorOpen at station.ads:17 flow analyzed (0 errors, 0 checks and 0 warnings) and proved (1 checks)
  Station.Open at station.ads:8 flow analyzed (0 errors, 0 checks and 0 warnings) and not proved, 0 checks out of 1 proved
