Summary of SPARK analysis
=========================

------------------------------------------------------------------------------------------
SPARK Analysis results        Total      Flow   CodePeer   Provers   Justified    Unproved
------------------------------------------------------------------------------------------
Data Dependencies                 .         .          .         .           .           .
Flow Dependencies                 .         .          .         .           .           .
Initialization                    .         .          .         .           .           .
Non-Aliasing                      .         .          .         .           .           .
Run-time Checks                   .         .          .         .           .           .
Assertions                        .         .          .         .           .           .
Functional Contracts              1         .          .         .           .           1
LSP Verification                  .         .          .         .           .           .
Termination                       .         .          .         .           .           .
Concurrency                       .         .          .         .           .           .
------------------------------------------------------------------------------------------
Total                             1         .          .         .           .    1 (100%)


max steps used for successful proof: 0

Analyzed 2 units
in unit main, 0 subprograms and packages out of 1 analyzed
  Main at main.adb:4 skipped
in unit station, 2 subprograms and packages out of 2 analyzed
  Station at station.ads:1 flow analyzed (0 errors, 0 checks and 0 warnings) and proved (0 checks)
  Station.Open_Door at station.ads:14 flow analyzed (0 errors, 0 checks and 0 warnings) and not proved, 0 checks out of 1 proved
