Summary of SPARK analysis
=========================

-------------------------------------------------------------------------------------------
SPARK Analysis results        Total      Flow   CodePeer     Provers   Justified   Unproved
-------------------------------------------------------------------------------------------
Data Dependencies                 .         .          .           .           .          .
Flow Dependencies                 .         .          .           .           .          .
Initialization                    .         .          .           .           .          .
Non-Aliasing                      .         .          .           .           .          .
Run-time Checks                   .         .          .           .           .          .
Assertions                        .         .          .           .           .          .
Functional Contracts              2         .          .    2 (CVC4)           .          .
LSP Verification                  .         .          .           .           .          .
Termination                       .         .          .           .           .          .
Concurrency                       .         .          .           .           .          .
-------------------------------------------------------------------------------------------
Total                             2         .          .    2 (100%)           .          .


max steps used for successful proof: 1

Analyzed 2 units
in unit main, 0 subprograms and packages out of 1 analyzed
  Main at main.adb:4 skipped
in unit station, 3 subprograms and packages out of 3 analyzed
  Station at station.ads:1 flow analyzed (0 errors, 0 checks and 0 warnings) and proved (0 checks)
  Station.Open_Door at station.ads:14 flow analyzed (0 errors, 0 checks and 0 warnings) and proved (1 checks)
  Station.Seal_Airlock at station.ads:19 flow analyzed (0 errors, 0 checks and 0 warnings) and proved (1 checks)
