Summary of SPARK analysis
=========================

-------------------------------------------------------------------------------------------
SPARK Analysis results        Total      Flow   CodePeer     Provers   Justified   Unproved
-------------------------------------------------------------------------------------------
Data Dependencies                 .         .          .           .           .          .
Flow Dependencies                 .         .          .           .           .          .
Initialization                    .         .          .           .           .          .
Non-Aliasing                      .         .          .           .           .          .
Run-time Checks                  10         .          .    8 (CVC4)           .          2
Assertions                        .         .          .           .           .          .
Functional Contracts              5         .          .    4 (CVC4)           .          1
LSP Verification                  .         .          .           .           .          .
Termination                       .         .          .           .           .          .
Concurrency                       .         .          .           .           .          .
-------------------------------------------------------------------------------------------
Total                            15         .          .    12 (80%)           .    3 (20%)


max steps used for successful proof: 1

Analyzed 2 units
in unit main, 0 subprograms and packages out of 1 analyzed
  Main at main.adb:4 skipped
in unit station, 7 subprograms and packages out of 7 analyzed
  Station at station.ads:1 flow analyzed (0 errors, 0 checks and 0 warnings) and proved (0 checks)
  Station.Add_Module at station.ads:49 flow analyzed (0 errors, 0 checks and 0 warnings) and not proved, 0 checks out of 2 proved
  Station.Open_Door at station.ads:34 flow analyzed (0 errors, 0 checks and 0 warnings) and proved (5 checks)
  Station.Remove_Top_Module at station.ads:55 flow analyzed (0 errors, 0 checks and 0 warnings) and not proved, 2 checks out of 3 proved
  Station.Seal_Airlock at station.ads:39 flow analyzed (0 errors, 0 checks and 0 warnings) and proved (3 checks)
  Station.SealedInvariant at station.ads:29 flow analyzed (0 errors, 0 checks and 0 warnings) and proved (0 checks)
  Station.Update_Height at station.ads:44 flow analyzed (0 errors, 0 checks and 0 warnings) and proved (2 checks)
