Summary of SPARK analysis
=========================

------------------------------------------------------------------------------------------------------------
SPARK Analysis results        Total      Flow   CodePeer                      Provers   Justified   Unproved
------------------------------------------------------------------------------------------------------------
Data Dependencies                 .         .          .                            .           .          .
Flow Dependencies                 .         .          .                            .           .          .
Initialization                    .         .          .                            .           .          .
Non-Aliasing                      .         .          .                            .           .          .
Run-time Checks                  49         .          .                    49 (CVC4)           .          .
Assertions                        .         .          .                            .           .          .
Functional Contracts             13         .          .    13 (CVC4 98%, Trivial 2%)           .          .
LSP Verification                  .         .          .                            .           .          .
Termination                       .         .          .                            .           .          .
Concurrency                       .         .          .                            .           .          .
------------------------------------------------------------------------------------------------------------
Total                            62         .          .                    62 (100%)           .          .


max steps used for successful proof: 1

Analyzed 2 units
in unit main, 0 subprograms and packages out of 1 analyzed
  Main at main.adb:4 skipped
in unit station, 10 subprograms and packages out of 10 analyzed
  Station at station.ads:1 flow analyzed (0 errors, 0 checks and 0 warnings) and proved (0 checks)
  Station.Add_Module at station.ads:79 flow analyzed (0 errors, 0 checks and 0 warnings) and proved (2 checks)
  Station.AltitudeInvariant at station.ads:56 flow analyzed (0 errors, 0 checks and 0 warnings) and proved (0 checks)
  Station.Attempt_Spacewalk at station.ads:93 flow analyzed (0 errors, 0 checks and 0 warnings) and proved (33 checks)
  Station.Open_Door at station.ads:60 flow analyzed (0 errors, 0 checks and 0 warnings) and proved (5 checks)
  Station.Remove_Top_Module at station.ads:86 flow analyzed (0 errors, 0 checks and 0 warnings) and proved (9 checks)
  Station.Return_From_Spacewalk at station.ads:102 flow analyzed (0 errors, 0 checks and 0 warnings) and proved (8 checks)
  Station.Seal_Airlock at station.ads:66 flow analyzed (0 errors, 0 checks and 0 warnings) and proved (3 checks)
  Station.SealedInvariant at station.ads:51 flow analyzed (0 errors, 0 checks and 0 warnings) and proved (0 checks)
  Station.Update_Height at station.ads:72 flow analyzed (0 errors, 0 checks and 0 warnings) and proved (2 checks)
