Summary of SPARK analysis
=========================

--------------------------------------------------------------------------------------------
SPARK Analysis results        Total      Flow   CodePeer      Provers   Justified   Unproved
--------------------------------------------------------------------------------------------
Data Dependencies                 .         .          .            .           .          .
Flow Dependencies                 .         .          .            .           .          .
Initialization                    .         .          .            .           .          .
Non-Aliasing                      .         .          .            .           .          .
Run-time Checks                  36         .          .    35 (CVC4)           .          1
Assertions                        .         .          .            .           .          .
Functional Contracts              8         .          .     6 (CVC4)           .          2
LSP Verification                  .         .          .            .           .          .
Termination                       .         .          .            .           .          .
Concurrency                       .         .          .            .           .          .
--------------------------------------------------------------------------------------------
Total                            44         .          .     41 (93%)           .     3 (7%)


max steps used for successful proof: 1

Analyzed 2 units
in unit main, 0 subprograms and packages out of 1 analyzed
  Main at main.adb:4 skipped
in unit station, 9 subprograms and packages out of 9 analyzed
  Station at station.ads:1 flow analyzed (0 errors, 0 checks and 0 warnings) and proved (0 checks)
  Station.Add_Module at station.ads:66 flow analyzed (0 errors, 0 checks and 0 warnings) and proved (2 checks)
  Station.AltitudeInvariant at station.ads:47 flow analyzed (0 errors, 0 checks and 0 warnings) and proved (0 checks)
  Station.Attempt_Spacewalk at station.ads:77 flow analyzed (0 errors, 0 checks and 0 warnings) and not proved, 27 checks out of 30 proved
  Station.Open_Door at station.ads:51 flow analyzed (0 errors, 0 checks and 0 warnings) and proved (5 checks)
  Station.Remove_Top_Module at station.ads:72 flow analyzed (0 errors, 0 checks and 0 warnings) and proved (2 checks)
  Station.Seal_Airlock at station.ads:56 flow analyzed (0 errors, 0 checks and 0 warnings) and proved (3 checks)
  Station.SealedInvariant at station.ads:43 flow analyzed (0 errors, 0 checks and 0 warnings) and proved (0 checks)
  Station.Update_Height at station.ads:61 flow analyzed (0 errors, 0 checks and 0 warnings) and proved (2 checks)
